<?xml version="1.0" encoding="UTF-8"?>
<!-- Generated by org.testng.reporters.JUnitXMLReporter -->
<testsuite ignored="0" hostname="DESKTOP-TE2PV61" failures="0" tests="2" name="Surefire test" time="11.581" errors="0" timestamp="2026-03-25T13:40:38 BRT">
  <testcase classname="com.agi.BlogAgiTest" name="deveBuscarTermoInvalidoEExibirMensagem" time="4.872"/>
  <testcase classname="com.agi.BlogAgiTest" name="deveBuscarTermoValidoERetornarResultados" time="3.683"/>
</testsuite> <!-- Surefire test -->
