<?xml version="1.0" encoding="UTF-8"?>
<testng-results ignored="0" total="2" passed="2" failed="0" skipped="0">
  <reporter-output>
  </reporter-output>
  <suite started-at="2026-03-25T13:40:26 BRT" name="Surefire suite" finished-at="2026-03-25T13:40:38 BRT" duration-ms="11581">
    <groups>
    </groups>
    <test started-at="2026-03-25T13:40:26 BRT" name="Surefire test" finished-at="2026-03-25T13:40:38 BRT" duration-ms="11581">
      <class name="com.agi.BlogAgiTest">
        <test-method is-config="true" signature="setUp()[pri:0, instance:com.agi.BlogAgiTest@49c386c8]" started-at="2026-03-25T13:40:26 BRT" name="setUp" finished-at="2026-03-25T13:40:29 BRT" duration-ms="2657" status="PASS">
          <reporter-output>
          </reporter-output>
        </test-method> <!-- setUp -->
        <test-method signature="deveBuscarTermoInvalidoEExibirMensagem()[pri:0, instance:com.agi.BlogAgiTest@49c386c8]" started-at="2026-03-25T13:40:29 BRT" name="deveBuscarTermoInvalidoEExibirMensagem" description="CT02 - Busca por termo invalido exibe mensagem de nenhum resultado" finished-at="2026-03-25T13:40:34 BRT" duration-ms="4872" status="PASS">
          <reporter-output>
          </reporter-output>
        </test-method> <!-- deveBuscarTermoInvalidoEExibirMensagem -->
        <test-method signature="deveBuscarTermoValidoERetornarResultados()[pri:0, instance:com.agi.BlogAgiTest@49c386c8]" started-at="2026-03-25T13:40:34 BRT" name="deveBuscarTermoValidoERetornarResultados" description="CT01 - Busca por termo valido retorna resultados" finished-at="2026-03-25T13:40:37 BRT" duration-ms="3683" status="PASS">
          <reporter-output>
          </reporter-output>
        </test-method> <!-- deveBuscarTermoValidoERetornarResultados -->
        <test-method is-config="true" signature="tearDown()[pri:0, instance:com.agi.BlogAgiTest@49c386c8]" started-at="2026-03-25T13:40:37 BRT" name="tearDown" finished-at="2026-03-25T13:40:38 BRT" duration-ms="300" status="PASS">
          <reporter-output>
          </reporter-output>
        </test-method> <!-- tearDown -->
      </class> <!-- com.agi.BlogAgiTest -->
    </test> <!-- Surefire test -->
  </suite> <!-- Surefire suite -->
</testng-results>
