<?xml version="1.0" encoding="UTF-8"?>
<!-- Generated by org.testng.reporters.JUnitReportReporter -->
<testsuite hostname="DESKTOP-TE2PV61" failures="0" tests="2" name="com.agi.BlogAgiTest" time="8.555" errors="0" timestamp="2026-03-25T13:40:38 BRT" skipped="0">
  <testcase classname="com.agi.BlogAgiTest" name="deveBuscarTermoValidoERetornarResultados" time="3.683"/>
  <testcase classname="com.agi.BlogAgiTest" name="deveBuscarTermoInvalidoEExibirMensagem" time="4.872"/>
</testsuite> <!-- com.agi.BlogAgiTest -->
